  Scene.cpp
d:\workspace\month-carlo-path-tracing-opencv\monte-carlo-path-tracing\v3.hpp(186): warning C4305: '=': truncation from 'int' to 'float'
d:\workspace\month-carlo-path-tracing-opencv\monte-carlo-path-tracing\intersection.hpp(22): warning C4305: '=': truncation from 'int' to 'float'
d:\workspace\month-carlo-path-tracing-opencv\monte-carlo-path-tracing\objects.hpp(84): warning C4244: 'argument': conversion from 'double' to 'float', possible loss of data
d:\workspace\month-carlo-path-tracing-opencv\monte-carlo-path-tracing\objects.hpp(85): warning C4244: 'argument': conversion from 'double' to 'float', possible loss of data
d:\workspace\month-carlo-path-tracing-opencv\monte-carlo-path-tracing\objects.hpp(86): warning C4244: 'argument': conversion from 'double' to 'float', possible loss of data
d:\workspace\month-carlo-path-tracing-opencv\monte-carlo-path-tracing\objects.hpp(87): warning C4244: 'argument': conversion from 'double' to 'float', possible loss of data
d:\workspace\month-carlo-path-tracing-opencv\monte-carlo-path-tracing\camera.hpp(48): warning C4244: '=': conversion from 'double' to 'float', possible loss of data
d:\workspace\month-carlo-path-tracing-opencv\monte-carlo-path-tracing\scene.cpp(46): warning C4244: 'argument': conversion from 'float' to '_Tp', possible loss of data
          with
          [
              _Tp=uchar
          ]
d:\workspace\month-carlo-path-tracing-opencv\monte-carlo-path-tracing\scene.cpp(89): warning C4244: 'initializing': conversion from 'double' to 'float', possible loss of data
  main.cpp
d:\workspace\month-carlo-path-tracing-opencv\monte-carlo-path-tracing\v3.hpp(186): warning C4305: '=': truncation from 'int' to 'float'
d:\workspace\month-carlo-path-tracing-opencv\monte-carlo-path-tracing\intersection.hpp(22): warning C4305: '=': truncation from 'int' to 'float'
d:\workspace\month-carlo-path-tracing-opencv\monte-carlo-path-tracing\objects.hpp(84): warning C4244: 'argument': conversion from 'double' to 'float', possible loss of data
d:\workspace\month-carlo-path-tracing-opencv\monte-carlo-path-tracing\objects.hpp(85): warning C4244: 'argument': conversion from 'double' to 'float', possible loss of data
d:\workspace\month-carlo-path-tracing-opencv\monte-carlo-path-tracing\objects.hpp(86): warning C4244: 'argument': conversion from 'double' to 'float', possible loss of data
d:\workspace\month-carlo-path-tracing-opencv\monte-carlo-path-tracing\objects.hpp(87): warning C4244: 'argument': conversion from 'double' to 'float', possible loss of data
d:\workspace\month-carlo-path-tracing-opencv\monte-carlo-path-tracing\camera.hpp(48): warning C4244: '=': conversion from 'double' to 'float', possible loss of data
d:\workspace\month-carlo-path-tracing-opencv\monte-carlo-path-tracing\main.cpp(27): warning C4305: 'argument': truncation from 'double' to 'float'
d:\workspace\month-carlo-path-tracing-opencv\monte-carlo-path-tracing\main.cpp(30): warning C4305: 'argument': truncation from 'double' to 'float'
  Generating Code...
  monte-carlo-path-tracing.vcxproj -> D:\workspace\month-carlo-path-tracing-opencv\x64\Debug\monte-carlo-path-tracing.exe
